<?xml version="1.0" encoding="UTF-8"?>
<!-- Generated by org.testng.reporters.JUnitReportReporter -->
<testsuite hostname="DESKTOP-MGQTMR8" failures="0" tests="1" name="products.TC_11Test" time="97.170" errors="0" timestamp="2021-05-17T19:42:53 IST" skipped="0">
  <testcase classname="products.TC_11Test" name="goToExistingProductPageAndEdit" time="97.170"/>
  <system-out>
onTestStart homepage is dispalyed productspage is displayed product2 is displayed editing page is displayed onFinish  </system-out>
</testsuite> <!-- products.TC_11Test -->
