<?xml version="1.0" encoding="UTF-8"?>
<!-- Generated by org.testng.reporters.JUnitReportReporter -->
<testsuite hostname="DESKTOP-MGQTMR8" failures="0" tests="1" name="leads.TC_001Test" time="64.934" errors="0" timestamp="2021-05-17T19:45:38 IST" skipped="0">
  <testcase classname="leads.TC_001Test" name="createNewLeadBySelectingDifferrentLeadSourceFromDropDown" time="64.934"/>
  <system-out/>
</testsuite> <!-- leads.TC_001Test -->
